  AdminUI.cpp
D:\DS project\AdminUI.cpp(61,40): warning C4244: 'argument': conversion from 'float' to 'int', possible loss of data
D:\DS project\AdminUI.cpp(78,17): warning C4244: 'initializing': conversion from 'int' to 'float', possible loss of data
  tempMain.cpp
D:\DS project\tempMain.cpp(31,13): warning C4566: character represented by universal-character-name '\u23F3' cannot be represented in the current code page (1252)
D:\DS project\tempMain.cpp(37,13): warning C4566: character represented by universal-character-name '\u2795' cannot be represented in the current code page (1252)
D:\DS project\tempMain.cpp(41,13): warning C4566: character represented by universal-character-name '\U0001FA7A' cannot be represented in the current code page (1252)
D:\DS project\tempMain.cpp(46,13): warning C4566: character represented by universal-character-name '\U0001F3F7' cannot be represented in the current code page (1252)
D:\DS project\tempMain.cpp(46,13): warning C4566: character represented by universal-character-name '\uFE0F' cannot be represented in the current code page (1252)
D:\DS project\tempMain.cpp(55,13): warning C4566: character represented by universal-character-name '\u2705' cannot be represented in the current code page (1252)
D:\DS project\tempMain.cpp(74,17): warning C4566: character represented by universal-character-name '\U0001F3E0' cannot be represented in the current code page (1252)
D:\DS project\tempMain.cpp(87,25): warning C4566: character represented by universal-character-name '\U0001FA7A' cannot be represented in the current code page (1252)
D:\DS project\tempMain.cpp(92,25): warning C4566: character represented by universal-character-name '\u274C' cannot be represented in the current code page (1252)
D:\DS project\tempMain.cpp(98,21): warning C4566: character represented by universal-character-name '\U0001F4CB' cannot be represented in the current code page (1252)
D:\DS project\tempMain.cpp(107,21): warning C4566: character represented by universal-character-name '\u23F1' cannot be represented in the current code page (1252)
D:\DS project\tempMain.cpp(107,21): warning C4566: character represented by universal-character-name '\uFE0F' cannot be represented in the current code page (1252)
D:\DS project\tempMain.cpp(113,21): warning C4566: character represented by universal-character-name '\U0001F44B' cannot be represented in the current code page (1252)
  Generating Code...
  LINK : D:\DS project\x64\Debug\DS project.exe not found or not built by the last incremental link; performing full link
  DS project.vcxproj -> D:\DS project\x64\Debug\DS project.exe
